<?xml version="1.0" encoding="UTF-8"?>
<testng-results skipped="0" failed="0" ignored="0" total="1" passed="1">
  <reporter-output>
  </reporter-output>
  <suite name="Suite" duration-ms="29962" started-at="2017-03-07T05:10:01Z" finished-at="2017-03-07T05:10:31Z">
    <groups>
    </groups>
    <test name="Test" duration-ms="29962" started-at="2017-03-07T05:10:01Z" finished-at="2017-03-07T05:10:31Z">
      <class name="example.NewTest">
        <test-method status="PASS" signature="beforeTest()[pri:0, instance:example.NewTest@2ed94a8b]" name="beforeTest" is-config="true" duration-ms="6680" started-at="2017-03-07T10:40:01Z" finished-at="2017-03-07T10:40:08Z">
          <reporter-output>
          </reporter-output>
        </test-method> <!-- beforeTest -->
        <test-method status="PASS" signature="testEasy()[pri:0, instance:example.NewTest@2ed94a8b]" name="testEasy" duration-ms="22522" started-at="2017-03-07T10:40:08Z" finished-at="2017-03-07T10:40:31Z">
          <reporter-output>
          </reporter-output>
        </test-method> <!-- testEasy -->
        <test-method status="PASS" signature="afterTest()[pri:0, instance:example.NewTest@2ed94a8b]" name="afterTest" is-config="true" duration-ms="745" started-at="2017-03-07T10:40:31Z" finished-at="2017-03-07T10:40:31Z">
          <reporter-output>
          </reporter-output>
        </test-method> <!-- afterTest -->
      </class> <!-- example.NewTest -->
    </test> <!-- Test -->
  </suite> <!-- Suite -->
</testng-results>
