<?xml version="1.0" encoding="UTF-8"?>
<testng-results skipped="0" failed="0" ignored="0" total="1" passed="1">
  <reporter-output>
  </reporter-output>
  <suite name="Suite" duration-ms="39567" started-at="2017-07-25T10:52:39Z" finished-at="2017-07-25T10:53:18Z">
    <groups>
    </groups>
    <test name="Test" duration-ms="39567" started-at="2017-07-25T10:52:39Z" finished-at="2017-07-25T10:53:18Z">
      <class name="example.NewTest">
        <test-method status="PASS" signature="beforeTest()[pri:0, instance:example.NewTest@2ed94a8b]" name="beforeTest" is-config="true" duration-ms="9970" started-at="2017-07-25T16:22:39Z" finished-at="2017-07-25T16:22:49Z">
          <reporter-output>
          </reporter-output>
        </test-method> <!-- beforeTest -->
        <test-method status="PASS" signature="testEasy()[pri:0, instance:example.NewTest@2ed94a8b]" name="testEasy" duration-ms="28896" started-at="2017-07-25T16:22:49Z" finished-at="2017-07-25T16:23:18Z">
          <reporter-output>
          </reporter-output>
        </test-method> <!-- testEasy -->
        <test-method status="PASS" signature="afterTest()[pri:0, instance:example.NewTest@2ed94a8b]" name="afterTest" is-config="true" duration-ms="675" started-at="2017-07-25T16:23:18Z" finished-at="2017-07-25T16:23:18Z">
          <reporter-output>
          </reporter-output>
        </test-method> <!-- afterTest -->
      </class> <!-- example.NewTest -->
    </test> <!-- Test -->
  </suite> <!-- Suite -->
</testng-results>
